0 info it worked if it ends with ok
1 verbose cli [
1 verbose cli   'C:\\Program Files\\nodejs\\node.exe',
1 verbose cli   'C:\\Users\\49667\\.global-modules\\node_modules\\npm\\bin\\npm-cli.js',
1 verbose cli   'run',
1 verbose cli   'deploy'
1 verbose cli ]
2 info using npm@6.14.8
3 info using node@v12.16.1
4 verbose run-script [ 'predeploy', 'deploy', 'postdeploy' ]
5 info lifecycle client@0.1.0~predeploy: client@0.1.0
6 verbose lifecycle client@0.1.0~predeploy: unsafe-perm in lifecycle true
7 verbose lifecycle client@0.1.0~predeploy: PATH: C:\Users\49667\.global-modules\node_modules\npm\node_modules\npm-lifecycle\node-gyp-bin;C:\Users\49667\desktop\wedding_card\weddinginvitation\node_modules\.bin;C:\Users\49667\bin;C:\Users\49667\AppData\Local\Programs\Git\mingw64\bin;C:\Users\49667\AppData\Local\Programs\Git\usr\local\bin;C:\Users\49667\AppData\Local\Programs\Git\usr\bin;C:\Users\49667\AppData\Local\Programs\Git\usr\bin;C:\Users\49667\AppData\Local\Programs\Git\mingw64\bin;C:\Users\49667\AppData\Local\Programs\Git\usr\bin;C:\Users\49667\bin;C:\ProgramData\Oracle\Java\javapath;C:\windows\system32;C:\windows;C:\windows\System32\Wbem;C:\windows\System32\WindowsPowerShell\v1.0;C:\windows\System32\OpenSSH;C:\Program Files\nodejs;C:\Users\49667\AppData\Roaming\npm;C:\Users\49667\.global-modules;C:\Program Files\TortoiseSVN\bin;C:\Ruby27\bin;C:\Users\49667\AppData\Local\Microsoft\WindowsApps;C:\Users\49667\AppData\Local\Programs\Git\cmd;C:\Users\49667\AppData\Local\Programs\Microsoft VS Code\bin;C:\Users\49667\AppData\Roaming\npm;C:\Users\49667\AppData\Local\Programs\Git\usr\bin\vendor_perl;C:\Users\49667\AppData\Local\Programs\Git\usr\bin\core_perl
8 verbose lifecycle client@0.1.0~predeploy: CWD: C:\Users\49667\desktop\wedding_card\weddinginvitation
9 silly lifecycle client@0.1.0~predeploy: Args: [ '/d /s /c', 'npm run build' ]
10 silly lifecycle client@0.1.0~predeploy: Returned: code: 0  signal: null
11 info lifecycle client@0.1.0~deploy: client@0.1.0
12 verbose lifecycle client@0.1.0~deploy: unsafe-perm in lifecycle true
13 verbose lifecycle client@0.1.0~deploy: PATH: C:\Users\49667\.global-modules\node_modules\npm\node_modules\npm-lifecycle\node-gyp-bin;C:\Users\49667\desktop\wedding_card\weddinginvitation\node_modules\.bin;C:\Users\49667\bin;C:\Users\49667\AppData\Local\Programs\Git\mingw64\bin;C:\Users\49667\AppData\Local\Programs\Git\usr\local\bin;C:\Users\49667\AppData\Local\Programs\Git\usr\bin;C:\Users\49667\AppData\Local\Programs\Git\usr\bin;C:\Users\49667\AppData\Local\Programs\Git\mingw64\bin;C:\Users\49667\AppData\Local\Programs\Git\usr\bin;C:\Users\49667\bin;C:\ProgramData\Oracle\Java\javapath;C:\windows\system32;C:\windows;C:\windows\System32\Wbem;C:\windows\System32\WindowsPowerShell\v1.0;C:\windows\System32\OpenSSH;C:\Program Files\nodejs;C:\Users\49667\AppData\Roaming\npm;C:\Users\49667\.global-modules;C:\Program Files\TortoiseSVN\bin;C:\Ruby27\bin;C:\Users\49667\AppData\Local\Microsoft\WindowsApps;C:\Users\49667\AppData\Local\Programs\Git\cmd;C:\Users\49667\AppData\Local\Programs\Microsoft VS Code\bin;C:\Users\49667\AppData\Roaming\npm;C:\Users\49667\AppData\Local\Programs\Git\usr\bin\vendor_perl;C:\Users\49667\AppData\Local\Programs\Git\usr\bin\core_perl
14 verbose lifecycle client@0.1.0~deploy: CWD: C:\Users\49667\desktop\wedding_card\weddinginvitation
15 silly lifecycle client@0.1.0~deploy: Args: [ '/d /s /c', 'gh-pages -d build' ]
16 silly lifecycle client@0.1.0~deploy: Returned: code: 1  signal: null
17 info lifecycle client@0.1.0~deploy: Failed to exec deploy script
18 verbose stack Error: client@0.1.0 deploy: `gh-pages -d build`
18 verbose stack Exit status 1
18 verbose stack     at EventEmitter.<anonymous> (C:\Users\49667\.global-modules\node_modules\npm\node_modules\npm-lifecycle\index.js:332:16)
18 verbose stack     at EventEmitter.emit (events.js:311:20)
18 verbose stack     at ChildProcess.<anonymous> (C:\Users\49667\.global-modules\node_modules\npm\node_modules\npm-lifecycle\lib\spawn.js:55:14)
18 verbose stack     at ChildProcess.emit (events.js:311:20)
18 verbose stack     at maybeClose (internal/child_process.js:1021:16)
18 verbose stack     at Process.ChildProcess._handle.onexit (internal/child_process.js:286:5)
19 verbose pkgid client@0.1.0
20 verbose cwd C:\Users\49667\desktop\wedding_card\weddinginvitation
21 verbose Windows_NT 10.0.17763
22 verbose argv "C:\\Program Files\\nodejs\\node.exe" "C:\\Users\\49667\\.global-modules\\node_modules\\npm\\bin\\npm-cli.js" "run" "deploy"
23 verbose node v12.16.1
24 verbose npm  v6.14.8
25 error code ELIFECYCLE
26 error errno 1
27 error client@0.1.0 deploy: `gh-pages -d build`
27 error Exit status 1
28 error Failed at the client@0.1.0 deploy script.
28 error This is probably not a problem with npm. There is likely additional logging output above.
29 verbose exit [ 1, true ]
