[debug] [2021-02-03T17:05:23.589Z] ----------------------------------------------------------------------
[debug] [2021-02-03T17:05:23.593Z] Command:       C:\Program Files\nodejs\node.exe C:\Users\49667\.global-modules\node_modules\firebase-tools\lib\bin\firebase.js use --add
[debug] [2021-02-03T17:05:23.593Z] CLI Version:   8.16.2
[debug] [2021-02-03T17:05:23.594Z] Platform:      win32
[debug] [2021-02-03T17:05:23.594Z] Node Version:  v12.16.1
[debug] [2021-02-03T17:05:23.597Z] Time:          Wed Feb 03 2021 22:35:23 GMT+0530 (India Standard Time)
[debug] [2021-02-03T17:05:23.597Z] ----------------------------------------------------------------------
[debug] [2021-02-03T17:05:23.598Z] 
[debug] [2021-02-03T17:05:23.611Z] > command requires scopes: ["email","openid","https://www.googleapis.com/auth/cloudplatformprojects.readonly","https://www.googleapis.com/auth/firebase","https://www.googleapis.com/auth/cloud-platform"]
[debug] [2021-02-03T17:05:23.612Z] > authorizing via signed-in user
[debug] [2021-02-03T17:05:23.621Z] >>> HTTP REQUEST GET https://firebase.googleapis.com/v1beta1/projects?pageSize=1000  
 
[debug] [2021-02-03T17:05:44.763Z] Server Error. connect ETIMEDOUT 172.217.166.202:443
[debug] [2021-02-03T17:05:44.767Z] FirebaseError: Server Error. connect ETIMEDOUT 172.217.166.202:443
    at Request._callback (C:\Users\49667\.global-modules\node_modules\firebase-tools\lib\api.js:32:31)
    at self.callback (C:\Users\49667\.global-modules\node_modules\firebase-tools\node_modules\request\request.js:185:22)
    at Request.emit (events.js:311:20)
    at Request.EventEmitter.emit (domain.js:482:12)
    at Request.onRequestError (C:\Users\49667\.global-modules\node_modules\firebase-tools\node_modules\request\request.js:877:8)
    at ClientRequest.emit (events.js:323:22)
    at ClientRequest.EventEmitter.emit (domain.js:482:12)
    at TLSSocket.socketErrorListener (_http_client.js:426:9)
    at TLSSocket.emit (events.js:311:20)
    at TLSSocket.EventEmitter.emit (domain.js:482:12)
    at emitErrorNT (internal/streams/destroy.js:92:8)
    at emitErrorAndCloseNT (internal/streams/destroy.js:60:3)
    at processTicksAndRejections (internal/process/task_queues.js:84:21)
[error] 
[error] Error: Failed to list Firebase projects. See firebase-debug.log for more info.
[debug] [2021-02-03T17:06:08.405Z] ----------------------------------------------------------------------
[debug] [2021-02-03T17:06:08.409Z] Command:       C:\Program Files\nodejs\node.exe C:\Users\49667\.global-modules\node_modules\firebase-tools\lib\bin\firebase.js use --add
[debug] [2021-02-03T17:06:08.409Z] CLI Version:   8.16.2
[debug] [2021-02-03T17:06:08.409Z] Platform:      win32
[debug] [2021-02-03T17:06:08.409Z] Node Version:  v12.16.1
[debug] [2021-02-03T17:06:08.412Z] Time:          Wed Feb 03 2021 22:36:08 GMT+0530 (India Standard Time)
[debug] [2021-02-03T17:06:08.412Z] ----------------------------------------------------------------------
[debug] [2021-02-03T17:06:08.413Z] 
[debug] [2021-02-03T17:06:08.426Z] > command requires scopes: ["email","openid","https://www.googleapis.com/auth/cloudplatformprojects.readonly","https://www.googleapis.com/auth/firebase","https://www.googleapis.com/auth/cloud-platform"]
[debug] [2021-02-03T17:06:08.427Z] > authorizing via signed-in user
[debug] [2021-02-03T17:06:08.436Z] >>> HTTP REQUEST GET https://firebase.googleapis.com/v1beta1/projects?pageSize=1000  
 
[debug] [2021-02-03T17:06:29.481Z] Server Error. connect ETIMEDOUT 172.217.166.202:443
[debug] [2021-02-03T17:06:29.484Z] FirebaseError: Server Error. connect ETIMEDOUT 172.217.166.202:443
    at Request._callback (C:\Users\49667\.global-modules\node_modules\firebase-tools\lib\api.js:32:31)
    at self.callback (C:\Users\49667\.global-modules\node_modules\firebase-tools\node_modules\request\request.js:185:22)
    at Request.emit (events.js:311:20)
    at Request.EventEmitter.emit (domain.js:482:12)
    at Request.onRequestError (C:\Users\49667\.global-modules\node_modules\firebase-tools\node_modules\request\request.js:877:8)
    at ClientRequest.emit (events.js:323:22)
    at ClientRequest.EventEmitter.emit (domain.js:482:12)
    at TLSSocket.socketErrorListener (_http_client.js:426:9)
    at TLSSocket.emit (events.js:311:20)
    at TLSSocket.EventEmitter.emit (domain.js:482:12)
    at emitErrorNT (internal/streams/destroy.js:92:8)
    at emitErrorAndCloseNT (internal/streams/destroy.js:60:3)
    at processTicksAndRejections (internal/process/task_queues.js:84:21)
[error] 
[error] Error: Failed to list Firebase projects. See firebase-debug.log for more info.
